{"level":"ERROR","timestamp":"2026-05-17T20:51:18.014Z","logger":"kafkajs","message":"[Connection] Connection error: ","broker":"localhost:9092","clientId":"ms3-certification","stack":"AggregateError [ECONNREFUSED]: \n    at internalConnectMultiple (node:net:1139:18)\n    at afterConnectMultiple (node:net:1714:7)"}
{"level":"ERROR","timestamp":"2026-05-17T20:51:18.016Z","logger":"kafkajs","message":"[BrokerPool] Failed to connect to seed broker, trying another broker from the list: Connection error: ","retryCount":0,"retryTime":279}
{"level":"ERROR","timestamp":"2026-05-17T20:51:18.301Z","logger":"kafkajs","message":"[Connection] Connection error: ","broker":"localhost:9092","clientId":"ms3-certification","stack":"AggregateError [ECONNREFUSED]: \n    at internalConnectMultiple (node:net:1139:18)\n    at afterConnectMultiple (node:net:1714:7)"}
{"level":"ERROR","timestamp":"2026-05-17T20:51:18.302Z","logger":"kafkajs","message":"[BrokerPool] Failed to connect to seed broker, trying another broker from the list: Connection error: ","retryCount":1,"retryTime":610}
{"level":"ERROR","timestamp":"2026-05-17T20:51:18.916Z","logger":"kafkajs","message":"[Connection] Connection error: ","broker":"localhost:9092","clientId":"ms3-certification","stack":"AggregateError [ECONNREFUSED]: \n    at internalConnectMultiple (node:net:1139:18)\n    at afterConnectMultiple (node:net:1714:7)"}
{"level":"ERROR","timestamp":"2026-05-17T20:51:18.916Z","logger":"kafkajs","message":"[BrokerPool] Failed to connect to seed broker, trying another broker from the list: Connection error: ","retryCount":2,"retryTime":1254}
{"level":"ERROR","timestamp":"2026-05-17T20:51:20.174Z","logger":"kafkajs","message":"[Connection] Connection error: ","broker":"localhost:9092","clientId":"ms3-certification","stack":"AggregateError [ECONNREFUSED]: \n    at internalConnectMultiple (node:net:1139:18)\n    at afterConnectMultiple (node:net:1714:7)"}
{"level":"ERROR","timestamp":"2026-05-17T20:51:20.174Z","logger":"kafkajs","message":"[BrokerPool] Failed to connect to seed broker, trying another broker from the list: Connection error: ","retryCount":3,"retryTime":2310}
{"level":"ERROR","timestamp":"2026-05-17T20:51:22.488Z","logger":"kafkajs","message":"[Connection] Connection error: ","broker":"localhost:9092","clientId":"ms3-certification","stack":"AggregateError [ECONNREFUSED]: \n    at internalConnectMultiple (node:net:1139:18)\n    at afterConnectMultiple (node:net:1714:7)"}
{"level":"ERROR","timestamp":"2026-05-17T20:51:22.489Z","logger":"kafkajs","message":"[BrokerPool] Failed to connect to seed broker, trying another broker from the list: Connection error: ","retryCount":4,"retryTime":4092}
{"level":"ERROR","timestamp":"2026-05-17T20:51:26.584Z","logger":"kafkajs","message":"[Connection] Connection error: ","broker":"localhost:9092","clientId":"ms3-certification","stack":"AggregateError [ECONNREFUSED]: \n    at internalConnectMultiple (node:net:1139:18)\n    at afterConnectMultiple (node:net:1714:7)"}
{"level":"ERROR","timestamp":"2026-05-17T20:51:26.585Z","logger":"kafkajs","message":"[BrokerPool] Failed to connect to seed broker, trying another broker from the list: Connection error: ","retryCount":5,"retryTime":7662}
Kafka consumer error: Connection error: 
E No address added out of total 1 resolved
Echec de la liaison du serveur Certification: Error: No address added out of total 1 resolved errors: [listen EADDRINUSE: address already in use 0.0.0.0:50053]
    at Server.bindAddressList (C:\Users\moham\Documents\academix\node_modules\@grpc\grpc-js\build\src\server.js:490:27)
    at process.processTicksAndRejections (node:internal/process/task_queues:105:5)
    at async Server.bindPort (C:\Users\moham\Documents\academix\node_modules\@grpc\grpc-js\build\src\server.js:523:36)
{"level":"ERROR","timestamp":"2026-05-19T10:15:50.447Z","logger":"kafkajs","message":"[Connection] Connection error: ","broker":"localhost:9092","clientId":"ms3-certification","stack":"AggregateError [ECONNREFUSED]: \n    at internalConnectMultiple (node:net:1134:18)\n    at afterConnectMultiple (node:net:1715:7)"}
{"level":"ERROR","timestamp":"2026-05-19T10:15:50.448Z","logger":"kafkajs","message":"[BrokerPool] Failed to connect to seed broker, trying another broker from the list: Connection error: ","retryCount":0,"retryTime":347}
{"level":"ERROR","timestamp":"2026-05-19T10:15:50.810Z","logger":"kafkajs","message":"[Connection] Connection error: ","broker":"localhost:9092","clientId":"ms3-certification","stack":"AggregateError [ECONNREFUSED]: \n    at internalConnectMultiple (node:net:1134:18)\n    at afterConnectMultiple (node:net:1715:7)"}
{"level":"ERROR","timestamp":"2026-05-19T10:15:50.810Z","logger":"kafkajs","message":"[BrokerPool] Failed to connect to seed broker, trying another broker from the list: Connection error: ","retryCount":1,"retryTime":560}
{"level":"ERROR","timestamp":"2026-05-19T10:15:51.376Z","logger":"kafkajs","message":"[Connection] Connection error: ","broker":"localhost:9092","clientId":"ms3-certification","stack":"AggregateError [ECONNREFUSED]: \n    at internalConnectMultiple (node:net:1134:18)\n    at afterConnectMultiple (node:net:1715:7)"}
{"level":"ERROR","timestamp":"2026-05-19T10:15:51.377Z","logger":"kafkajs","message":"[BrokerPool] Failed to connect to seed broker, trying another broker from the list: Connection error: ","retryCount":2,"retryTime":1172}
{"level":"ERROR","timestamp":"2026-05-19T10:15:52.560Z","logger":"kafkajs","message":"[Connection] Connection error: ","broker":"localhost:9092","clientId":"ms3-certification","stack":"AggregateError [ECONNREFUSED]: \n    at internalConnectMultiple (node:net:1134:18)\n    at afterConnectMultiple (node:net:1715:7)"}
{"level":"ERROR","timestamp":"2026-05-19T10:15:52.561Z","logger":"kafkajs","message":"[BrokerPool] Failed to connect to seed broker, trying another broker from the list: Connection error: ","retryCount":3,"retryTime":2544}
{"level":"ERROR","timestamp":"2026-05-19T10:15:55.125Z","logger":"kafkajs","message":"[Connection] Connection error: ","broker":"localhost:9092","clientId":"ms3-certification","stack":"AggregateError [ECONNREFUSED]: \n    at internalConnectMultiple (node:net:1134:18)\n    at afterConnectMultiple (node:net:1715:7)"}
{"level":"ERROR","timestamp":"2026-05-19T10:15:55.126Z","logger":"kafkajs","message":"[BrokerPool] Failed to connect to seed broker, trying another broker from the list: Connection error: ","retryCount":4,"retryTime":4172}
{"level":"ERROR","timestamp":"2026-05-19T10:15:59.316Z","logger":"kafkajs","message":"[Connection] Connection error: ","broker":"localhost:9092","clientId":"ms3-certification","stack":"AggregateError [ECONNREFUSED]: \n    at internalConnectMultiple (node:net:1134:18)\n    at afterConnectMultiple (node:net:1715:7)"}
{"level":"ERROR","timestamp":"2026-05-19T10:15:59.317Z","logger":"kafkajs","message":"[BrokerPool] Failed to connect to seed broker, trying another broker from the list: Connection error: ","retryCount":5,"retryTime":7346}
Kafka consumer error: Connection error: 
{"level":"ERROR","timestamp":"2026-05-19T10:17:55.041Z","logger":"kafkajs","message":"[Connection] Connection error: ","broker":"localhost:9092","clientId":"ms3-certification","stack":"AggregateError [ECONNREFUSED]: \n    at internalConnectMultiple (node:net:1134:18)\n    at afterConnectMultiple (node:net:1715:7)"}
{"level":"ERROR","timestamp":"2026-05-19T10:17:55.042Z","logger":"kafkajs","message":"[BrokerPool] Failed to connect to seed broker, trying another broker from the list: Connection error: ","retryCount":0,"retryTime":252}
{"level":"ERROR","timestamp":"2026-05-19T10:17:55.302Z","logger":"kafkajs","message":"[Connection] Connection error: ","broker":"localhost:9092","clientId":"ms3-certification","stack":"AggregateError [ECONNREFUSED]: \n    at internalConnectMultiple (node:net:1134:18)\n    at afterConnectMultiple (node:net:1715:7)"}
{"level":"ERROR","timestamp":"2026-05-19T10:17:55.303Z","logger":"kafkajs","message":"[BrokerPool] Failed to connect to seed broker, trying another broker from the list: Connection error: ","retryCount":1,"retryTime":476}
{"level":"ERROR","timestamp":"2026-05-19T10:17:55.791Z","logger":"kafkajs","message":"[Connection] Connection error: ","broker":"localhost:9092","clientId":"ms3-certification","stack":"AggregateError [ECONNREFUSED]: \n    at internalConnectMultiple (node:net:1134:18)\n    at afterConnectMultiple (node:net:1715:7)"}
{"level":"ERROR","timestamp":"2026-05-19T10:17:55.792Z","logger":"kafkajs","message":"[BrokerPool] Failed to connect to seed broker, trying another broker from the list: Connection error: ","retryCount":2,"retryTime":994}
{"level":"ERROR","timestamp":"2026-05-19T10:17:56.789Z","logger":"kafkajs","message":"[Connection] Connection error: ","broker":"localhost:9092","clientId":"ms3-certification","stack":"AggregateError [ECONNREFUSED]: \n    at internalConnectMultiple (node:net:1134:18)\n    at afterConnectMultiple (node:net:1715:7)"}
{"level":"ERROR","timestamp":"2026-05-19T10:17:56.790Z","logger":"kafkajs","message":"[BrokerPool] Failed to connect to seed broker, trying another broker from the list: Connection error: ","retryCount":3,"retryTime":1634}
{"level":"ERROR","timestamp":"2026-05-19T10:17:58.445Z","logger":"kafkajs","message":"[Connection] Connection error: ","broker":"localhost:9092","clientId":"ms3-certification","stack":"AggregateError [ECONNREFUSED]: \n    at internalConnectMultiple (node:net:1134:18)\n    at afterConnectMultiple (node:net:1715:7)"}
{"level":"ERROR","timestamp":"2026-05-19T10:17:58.446Z","logger":"kafkajs","message":"[BrokerPool] Failed to connect to seed broker, trying another broker from the list: Connection error: ","retryCount":4,"retryTime":2696}
{"level":"ERROR","timestamp":"2026-05-19T10:18:01.152Z","logger":"kafkajs","message":"[Connection] Connection error: ","broker":"localhost:9092","clientId":"ms3-certification","stack":"AggregateError [ECONNREFUSED]: \n    at internalConnectMultiple (node:net:1134:18)\n    at afterConnectMultiple (node:net:1715:7)"}
{"level":"ERROR","timestamp":"2026-05-19T10:18:01.152Z","logger":"kafkajs","message":"[BrokerPool] Failed to connect to seed broker, trying another broker from the list: Connection error: ","retryCount":5,"retryTime":6256}
Kafka consumer error: Connection error: 
Email error: connect ECONNREFUSED ::1:1025
{"level":"ERROR","timestamp":"2026-05-19T10:20:04.980Z","logger":"kafkajs","message":"[Connection] Connection error: ","broker":"localhost:9092","clientId":"ms3-certification","stack":"AggregateError [ECONNREFUSED]: \n    at internalConnectMultiple (node:net:1134:18)\n    at afterConnectMultiple (node:net:1715:7)"}
{"level":"ERROR","timestamp":"2026-05-19T10:20:04.981Z","logger":"kafkajs","message":"[BrokerPool] Failed to connect to seed broker, trying another broker from the list: Connection error: ","retryCount":0,"retryTime":300}
{"level":"ERROR","timestamp":"2026-05-19T10:20:05.285Z","logger":"kafkajs","message":"[Connection] Connection error: ","broker":"localhost:9092","clientId":"ms3-certification","stack":"AggregateError [ECONNREFUSED]: \n    at internalConnectMultiple (node:net:1134:18)\n    at afterConnectMultiple (node:net:1715:7)"}
{"level":"ERROR","timestamp":"2026-05-19T10:20:05.286Z","logger":"kafkajs","message":"[BrokerPool] Failed to connect to seed broker, trying another broker from the list: Connection error: ","retryCount":1,"retryTime":580}
{"level":"ERROR","timestamp":"2026-05-19T10:20:05.871Z","logger":"kafkajs","message":"[Connection] Connection error: ","broker":"localhost:9092","clientId":"ms3-certification","stack":"AggregateError [ECONNREFUSED]: \n    at internalConnectMultiple (node:net:1134:18)\n    at afterConnectMultiple (node:net:1715:7)"}
{"level":"ERROR","timestamp":"2026-05-19T10:20:05.872Z","logger":"kafkajs","message":"[BrokerPool] Failed to connect to seed broker, trying another broker from the list: Connection error: ","retryCount":2,"retryTime":1046}
{"level":"ERROR","timestamp":"2026-05-19T10:20:06.933Z","logger":"kafkajs","message":"[Connection] Connection error: ","broker":"localhost:9092","clientId":"ms3-certification","stack":"AggregateError [ECONNREFUSED]: \n    at internalConnectMultiple (node:net:1134:18)\n    at afterConnectMultiple (node:net:1715:7)"}
{"level":"ERROR","timestamp":"2026-05-19T10:20:06.934Z","logger":"kafkajs","message":"[BrokerPool] Failed to connect to seed broker, trying another broker from the list: Connection error: ","retryCount":3,"retryTime":1780}
{"level":"ERROR","timestamp":"2026-05-19T10:20:08.720Z","logger":"kafkajs","message":"[Connection] Connection error: ","broker":"localhost:9092","clientId":"ms3-certification","stack":"AggregateError [ECONNREFUSED]: \n    at internalConnectMultiple (node:net:1134:18)\n    at afterConnectMultiple (node:net:1715:7)"}
{"level":"ERROR","timestamp":"2026-05-19T10:20:08.720Z","logger":"kafkajs","message":"[BrokerPool] Failed to connect to seed broker, trying another broker from the list: Connection error: ","retryCount":4,"retryTime":4152}
