E No address added out of total 1 resolved
Echec de la liaison du serveur Tracking: Error: No address added out of total 1 resolved errors: [listen EADDRINUSE: address already in use 0.0.0.0:50052]
    at Server.bindAddressList (C:\Users\moham\Documents\academix\node_modules\@grpc\grpc-js\build\src\server.js:490:27)
    at process.processTicksAndRejections (node:internal/process/task_queues:105:5)
    at async Server.bindPort (C:\Users\moham\Documents\academix\node_modules\@grpc\grpc-js\build\src\server.js:523:36)
{"level":"ERROR","timestamp":"2026-05-19T10:16:48.554Z","logger":"kafkajs","message":"[Connection] Connection error: ","broker":"localhost:9092","clientId":"ms2-tracking","stack":"AggregateError [ECONNREFUSED]: \n    at internalConnectMultiple (node:net:1134:18)\n    at afterConnectMultiple (node:net:1715:7)"}
{"level":"ERROR","timestamp":"2026-05-19T10:16:48.557Z","logger":"kafkajs","message":"[BrokerPool] Failed to connect to seed broker, trying another broker from the list: Connection error: ","retryCount":0,"retryTime":355}
{"level":"ERROR","timestamp":"2026-05-19T10:16:48.919Z","logger":"kafkajs","message":"[Connection] Connection error: ","broker":"localhost:9092","clientId":"ms2-tracking","stack":"AggregateError [ECONNREFUSED]: \n    at internalConnectMultiple (node:net:1134:18)\n    at afterConnectMultiple (node:net:1715:7)"}
{"level":"ERROR","timestamp":"2026-05-19T10:16:48.920Z","logger":"kafkajs","message":"[BrokerPool] Failed to connect to seed broker, trying another broker from the list: Connection error: ","retryCount":1,"retryTime":626}
{"level":"ERROR","timestamp":"2026-05-19T10:16:49.563Z","logger":"kafkajs","message":"[Connection] Connection error: ","broker":"localhost:9092","clientId":"ms2-tracking","stack":"AggregateError [ECONNREFUSED]: \n    at internalConnectMultiple (node:net:1134:18)\n    at afterConnectMultiple (node:net:1715:7)"}
{"level":"ERROR","timestamp":"2026-05-19T10:16:49.563Z","logger":"kafkajs","message":"[BrokerPool] Failed to connect to seed broker, trying another broker from the list: Connection error: ","retryCount":2,"retryTime":1388}
{"level":"ERROR","timestamp":"2026-05-19T10:16:50.960Z","logger":"kafkajs","message":"[Connection] Connection error: ","broker":"localhost:9092","clientId":"ms2-tracking","stack":"AggregateError [ECONNREFUSED]: \n    at internalConnectMultiple (node:net:1134:18)\n    at afterConnectMultiple (node:net:1715:7)"}
{"level":"ERROR","timestamp":"2026-05-19T10:16:50.960Z","logger":"kafkajs","message":"[BrokerPool] Failed to connect to seed broker, trying another broker from the list: Connection error: ","retryCount":3,"retryTime":3060}
{"level":"ERROR","timestamp":"2026-05-19T10:16:54.029Z","logger":"kafkajs","message":"[Connection] Connection error: ","broker":"localhost:9092","clientId":"ms2-tracking","stack":"AggregateError [ECONNREFUSED]: \n    at internalConnectMultiple (node:net:1134:18)\n    at afterConnectMultiple (node:net:1715:7)"}
{"level":"ERROR","timestamp":"2026-05-19T10:16:54.030Z","logger":"kafkajs","message":"[BrokerPool] Failed to connect to seed broker, trying another broker from the list: Connection error: ","retryCount":4,"retryTime":5738}
{"level":"ERROR","timestamp":"2026-05-19T10:16:59.782Z","logger":"kafkajs","message":"[Connection] Connection error: ","broker":"localhost:9092","clientId":"ms2-tracking","stack":"AggregateError [ECONNREFUSED]: \n    at internalConnectMultiple (node:net:1134:18)\n    at afterConnectMultiple (node:net:1715:7)"}
{"level":"ERROR","timestamp":"2026-05-19T10:16:59.782Z","logger":"kafkajs","message":"[BrokerPool] Failed to connect to seed broker, trying another broker from the list: Connection error: ","retryCount":5,"retryTime":10940}
Kafka producer error: Connection error: 
{"level":"ERROR","timestamp":"2026-05-19T10:16:59.853Z","logger":"kafkajs","message":"[Connection] Connection error: ","broker":"localhost:9092","clientId":"ms2-tracking","stack":"AggregateError [ECONNREFUSED]: \n    at internalConnectMultiple (node:net:1134:18)\n    at afterConnectMultiple (node:net:1715:7)"}
{"level":"ERROR","timestamp":"2026-05-19T10:16:59.854Z","logger":"kafkajs","message":"[BrokerPool] Failed to connect to seed broker, trying another broker from the list: Connection error: ","retryCount":0,"retryTime":259}
{"level":"ERROR","timestamp":"2026-05-19T10:17:00.122Z","logger":"kafkajs","message":"[Connection] Connection error: ","broker":"localhost:9092","clientId":"ms2-tracking","stack":"AggregateError [ECONNREFUSED]: \n    at internalConnectMultiple (node:net:1134:18)\n    at afterConnectMultiple (node:net:1715:7)"}
{"level":"ERROR","timestamp":"2026-05-19T10:17:00.122Z","logger":"kafkajs","message":"[BrokerPool] Failed to connect to seed broker, trying another broker from the list: Connection error: ","retryCount":1,"retryTime":552}
{"level":"ERROR","timestamp":"2026-05-19T10:17:00.691Z","logger":"kafkajs","message":"[Connection] Connection error: ","broker":"localhost:9092","clientId":"ms2-tracking","stack":"AggregateError [ECONNREFUSED]: \n    at internalConnectMultiple (node:net:1134:18)\n    at afterConnectMultiple (node:net:1715:7)"}
{"level":"ERROR","timestamp":"2026-05-19T10:17:00.692Z","logger":"kafkajs","message":"[BrokerPool] Failed to connect to seed broker, trying another broker from the list: Connection error: ","retryCount":2,"retryTime":908}
{"level":"ERROR","timestamp":"2026-05-19T10:17:01.614Z","logger":"kafkajs","message":"[Connection] Connection error: ","broker":"localhost:9092","clientId":"ms2-tracking","stack":"AggregateError [ECONNREFUSED]: \n    at internalConnectMultiple (node:net:1134:18)\n    at afterConnectMultiple (node:net:1715:7)"}
{"level":"ERROR","timestamp":"2026-05-19T10:17:01.614Z","logger":"kafkajs","message":"[BrokerPool] Failed to connect to seed broker, trying another broker from the list: Connection error: ","retryCount":3,"retryTime":1586}
{"level":"ERROR","timestamp":"2026-05-19T10:17:03.211Z","logger":"kafkajs","message":"[Connection] Connection error: ","broker":"localhost:9092","clientId":"ms2-tracking","stack":"AggregateError [ECONNREFUSED]: \n    at internalConnectMultiple (node:net:1134:18)\n    at afterConnectMultiple (node:net:1715:7)"}
{"level":"ERROR","timestamp":"2026-05-19T10:17:03.211Z","logger":"kafkajs","message":"[BrokerPool] Failed to connect to seed broker, trying another broker from the list: Connection error: ","retryCount":4,"retryTime":3280}
{"level":"ERROR","timestamp":"2026-05-19T10:17:06.502Z","logger":"kafkajs","message":"[Connection] Connection error: ","broker":"localhost:9092","clientId":"ms2-tracking","stack":"AggregateError [ECONNREFUSED]: \n    at internalConnectMultiple (node:net:1134:18)\n    at afterConnectMultiple (node:net:1715:7)"}
{"level":"ERROR","timestamp":"2026-05-19T10:17:06.502Z","logger":"kafkajs","message":"[BrokerPool] Failed to connect to seed broker, trying another broker from the list: Connection error: ","retryCount":5,"retryTime":6088}
Kafka producer error: Connection error: 
{"level":"ERROR","timestamp":"2026-05-19T10:19:07.208Z","logger":"kafkajs","message":"[Connection] Connection error: ","broker":"localhost:9092","clientId":"ms2-tracking","stack":"AggregateError [ECONNREFUSED]: \n    at internalConnectMultiple (node:net:1134:18)\n    at afterConnectMultiple (node:net:1715:7)"}
{"level":"ERROR","timestamp":"2026-05-19T10:19:07.208Z","logger":"kafkajs","message":"[BrokerPool] Failed to connect to seed broker, trying another broker from the list: Connection error: ","retryCount":0,"retryTime":307}
{"level":"ERROR","timestamp":"2026-05-19T10:19:07.532Z","logger":"kafkajs","message":"[Connection] Connection error: ","broker":"localhost:9092","clientId":"ms2-tracking","stack":"AggregateError [ECONNREFUSED]: \n    at internalConnectMultiple (node:net:1134:18)\n    at afterConnectMultiple (node:net:1715:7)"}
{"level":"ERROR","timestamp":"2026-05-19T10:19:07.532Z","logger":"kafkajs","message":"[BrokerPool] Failed to connect to seed broker, trying another broker from the list: Connection error: ","retryCount":1,"retryTime":718}
{"level":"ERROR","timestamp":"2026-05-19T10:19:08.256Z","logger":"kafkajs","message":"[Connection] Connection error: ","broker":"localhost:9092","clientId":"ms2-tracking","stack":"AggregateError [ECONNREFUSED]: \n    at internalConnectMultiple (node:net:1134:18)\n    at afterConnectMultiple (node:net:1715:7)"}
{"level":"ERROR","timestamp":"2026-05-19T10:19:08.256Z","logger":"kafkajs","message":"[BrokerPool] Failed to connect to seed broker, trying another broker from the list: Connection error: ","retryCount":2,"retryTime":1636}
{"level":"ERROR","timestamp":"2026-05-19T10:19:09.906Z","logger":"kafkajs","message":"[Connection] Connection error: ","broker":"localhost:9092","clientId":"ms2-tracking","stack":"AggregateError [ECONNREFUSED]: \n    at internalConnectMultiple (node:net:1134:18)\n    at afterConnectMultiple (node:net:1715:7)"}
{"level":"ERROR","timestamp":"2026-05-19T10:19:09.906Z","logger":"kafkajs","message":"[BrokerPool] Failed to connect to seed broker, trying another broker from the list: Connection error: ","retryCount":3,"retryTime":3776}
{"level":"ERROR","timestamp":"2026-05-19T10:19:13.689Z","logger":"kafkajs","message":"[Connection] Connection error: ","broker":"localhost:9092","clientId":"ms2-tracking","stack":"AggregateError [ECONNREFUSED]: \n    at internalConnectMultiple (node:net:1134:18)\n    at afterConnectMultiple (node:net:1715:7)"}
{"level":"ERROR","timestamp":"2026-05-19T10:19:13.690Z","logger":"kafkajs","message":"[BrokerPool] Failed to connect to seed broker, trying another broker from the list: Connection error: ","retryCount":4,"retryTime":6170}
{"level":"ERROR","timestamp":"2026-05-19T10:19:19.866Z","logger":"kafkajs","message":"[Connection] Connection error: ","broker":"localhost:9092","clientId":"ms2-tracking","stack":"AggregateError [ECONNREFUSED]: \n    at internalConnectMultiple (node:net:1134:18)\n    at afterConnectMultiple (node:net:1715:7)"}
{"level":"ERROR","timestamp":"2026-05-19T10:19:19.867Z","logger":"kafkajs","message":"[BrokerPool] Failed to connect to seed broker, trying another broker from the list: Connection error: ","retryCount":5,"retryTime":11702}
Kafka producer error: Connection error: 
